[2024-07-11 15:26:16,735: INFO: main: Welcome to AIFab50]
[2024-07-11 15:56:05,012: INFO: common: yaml file: config\config.yaml loaded successfully]
[2024-07-11 15:56:05,016: INFO: common: yaml file: params.yaml loaded successfully]
[2024-07-11 15:56:05,017: INFO: common: created directory at: artifacts]
[2024-07-11 15:56:05,018: INFO: common: created directory at: artifacts/data_ingestion]
[2024-07-11 15:56:05,019: INFO: 986331348: Downloading data from https://drive.google.com/file/d/1vlhZ5c7abUKF8xXERIw6m9Te8fW7ohw3/view?usp=sharing into file artifacts/data_ingestion/data.zip]
[2024-07-11 15:57:16,101: INFO: 986331348: Downloaded data from https://drive.google.com/file/d/1vlhZ5c7abUKF8xXERIw6m9Te8fW7ohw3/view?usp=sharing into file artifacts/data_ingestion/data.zip]
[2024-07-11 15:58:28,462: INFO: main: >>>>>> stage Data Ingestion stage started <<<<<<]
[2024-07-11 15:58:28,465: INFO: common: yaml file: config\config.yaml loaded successfully]
[2024-07-11 15:58:28,465: INFO: common: yaml file: params.yaml loaded successfully]
[2024-07-11 15:58:28,465: INFO: common: created directory at: artifacts]
[2024-07-11 15:58:28,466: INFO: common: created directory at: artifacts/data_ingestion]
[2024-07-11 15:58:28,466: INFO: data_ingestion: Downloading data from https://drive.google.com/file/d/1vlhZ5c7abUKF8xXERIw6m9Te8fW7ohw3/view?usp=sharing into file artifacts/data_ingestion/data.zip]
[2024-07-11 15:59:10,082: INFO: data_ingestion: Downloaded data from https://drive.google.com/file/d/1vlhZ5c7abUKF8xXERIw6m9Te8fW7ohw3/view?usp=sharing into file artifacts/data_ingestion/data.zip]
[2024-07-11 15:59:10,545: INFO: main: >>>>>> stage Data Ingestion stage completed <<<<<<

x==========x]
[2024-07-11 18:54:30,320: INFO: common: yaml file: config\config.yaml loaded successfully]
[2024-07-11 18:54:30,328: INFO: common: yaml file: params.yaml loaded successfully]
[2024-07-11 18:54:30,330: INFO: common: created directory at: artifacts]
[2024-07-11 18:54:30,330: INFO: common: created directory at: artifacts/prepare_base_model]
[2024-07-11 18:54:30,891: WARNING: saving_utils: Compiled the loaded model, but the compiled metrics have yet to be built. `model.compile_metrics` will be empty until you train or evaluate the model.]
[2024-07-11 19:03:12,749: INFO: main: >>>>>> stage Data Ingestion stage started <<<<<<]
[2024-07-11 19:03:12,751: INFO: common: yaml file: config\config.yaml loaded successfully]
[2024-07-11 19:03:12,755: INFO: common: yaml file: params.yaml loaded successfully]
[2024-07-11 19:03:12,756: INFO: common: created directory at: artifacts]
[2024-07-11 19:03:12,756: INFO: common: created directory at: artifacts/data_ingestion]
[2024-07-11 19:03:12,756: INFO: data_ingestion: Downloading data from https://drive.google.com/file/d/1vlhZ5c7abUKF8xXERIw6m9Te8fW7ohw3/view?usp=sharing into file artifacts/data_ingestion/data.zip]
[2024-07-11 19:03:45,302: INFO: data_ingestion: Downloaded data from https://drive.google.com/file/d/1vlhZ5c7abUKF8xXERIw6m9Te8fW7ohw3/view?usp=sharing into file artifacts/data_ingestion/data.zip]
[2024-07-11 19:03:45,992: INFO: main: >>>>>> stage Data Ingestion stage completed <<<<<<

x==========x]
[2024-07-11 19:03:45,992: INFO: main: *******************]
[2024-07-11 19:03:45,992: INFO: main: >>>>>> stage Prepare base model started <<<<<<]
[2024-07-11 19:03:45,994: INFO: common: yaml file: config\config.yaml loaded successfully]
[2024-07-11 19:03:45,997: INFO: common: yaml file: params.yaml loaded successfully]
[2024-07-11 19:03:45,997: INFO: common: created directory at: artifacts]
[2024-07-11 19:03:45,997: INFO: common: created directory at: artifacts/prepare_base_model]
[2024-07-11 19:03:46,570: WARNING: saving_utils: Compiled the loaded model, but the compiled metrics have yet to be built. `model.compile_metrics` will be empty until you train or evaluate the model.]
[2024-07-11 19:03:47,030: INFO: main: >>>>>> stage Prepare base model completed <<<<<<

x==========x]
[2024-07-11 19:15:35,994: INFO: common: yaml file: config\config.yaml loaded successfully]
[2024-07-11 19:15:35,997: INFO: common: yaml file: params.yaml loaded successfully]
[2024-07-11 19:15:35,998: INFO: common: created directory at: artifacts]
[2024-07-11 19:15:36,001: INFO: common: created directory at: artifacts\training]
[2024-07-11 19:21:15,210: INFO: main: >>>>>> stage Data Ingestion stage started <<<<<<]
[2024-07-11 19:21:15,213: INFO: common: yaml file: config\config.yaml loaded successfully]
[2024-07-11 19:21:15,214: INFO: common: yaml file: params.yaml loaded successfully]
[2024-07-11 19:21:15,215: INFO: common: created directory at: artifacts]
[2024-07-11 19:21:15,215: INFO: common: created directory at: artifacts/data_ingestion]
[2024-07-11 19:21:15,215: INFO: data_ingestion: Downloading data from https://drive.google.com/file/d/1vlhZ5c7abUKF8xXERIw6m9Te8fW7ohw3/view?usp=sharing into file artifacts/data_ingestion/data.zip]
[2024-07-11 19:21:54,397: INFO: data_ingestion: Downloaded data from https://drive.google.com/file/d/1vlhZ5c7abUKF8xXERIw6m9Te8fW7ohw3/view?usp=sharing into file artifacts/data_ingestion/data.zip]
[2024-07-11 19:21:54,906: INFO: main: >>>>>> stage Data Ingestion stage completed <<<<<<

x==========x]
[2024-07-11 19:21:54,907: INFO: main: *******************]
[2024-07-11 19:21:54,907: INFO: main: >>>>>> stage Prepare base model started <<<<<<]
[2024-07-11 19:21:54,910: INFO: common: yaml file: config\config.yaml loaded successfully]
[2024-07-11 19:21:54,913: INFO: common: yaml file: params.yaml loaded successfully]
[2024-07-11 19:21:54,914: INFO: common: created directory at: artifacts]
[2024-07-11 19:21:54,914: INFO: common: created directory at: artifacts/prepare_base_model]
[2024-07-11 19:21:55,376: WARNING: saving_utils: Compiled the loaded model, but the compiled metrics have yet to be built. `model.compile_metrics` will be empty until you train or evaluate the model.]
[2024-07-11 19:21:55,663: INFO: main: >>>>>> stage Prepare base model completed <<<<<<

x==========x]
[2024-07-11 19:21:55,663: INFO: main: *******************]
[2024-07-11 19:21:55,663: INFO: main: >>>>>> stage Training started <<<<<<]
[2024-07-11 19:21:55,666: INFO: common: yaml file: config\config.yaml loaded successfully]
[2024-07-11 19:21:55,670: INFO: common: yaml file: params.yaml loaded successfully]
[2024-07-11 19:21:55,670: INFO: common: created directory at: artifacts]
[2024-07-11 19:21:55,671: INFO: common: created directory at: artifacts\training]
[2024-07-11 19:22:41,451: INFO: main: >>>>>> stage Training completed <<<<<<

x==========x]
[2024-07-11 19:23:25,515: INFO: main: >>>>>> stage Data Ingestion stage started <<<<<<]
[2024-07-11 19:23:25,517: INFO: common: yaml file: config\config.yaml loaded successfully]
[2024-07-11 19:23:25,518: INFO: common: yaml file: params.yaml loaded successfully]
[2024-07-11 19:23:25,520: INFO: common: created directory at: artifacts]
[2024-07-11 19:23:25,520: INFO: common: created directory at: artifacts/data_ingestion]
[2024-07-11 19:23:25,520: INFO: data_ingestion: Downloading data from https://drive.google.com/file/d/1vlhZ5c7abUKF8xXERIw6m9Te8fW7ohw3/view?usp=sharing into file artifacts/data_ingestion/data.zip]
[2024-07-11 19:23:55,435: INFO: data_ingestion: Downloaded data from https://drive.google.com/file/d/1vlhZ5c7abUKF8xXERIw6m9Te8fW7ohw3/view?usp=sharing into file artifacts/data_ingestion/data.zip]
[2024-07-11 19:23:55,949: INFO: main: >>>>>> stage Data Ingestion stage completed <<<<<<

x==========x]
[2024-07-11 19:23:55,949: INFO: main: *******************]
[2024-07-11 19:23:55,949: INFO: main: >>>>>> stage Prepare base model started <<<<<<]
[2024-07-11 19:23:55,951: INFO: common: yaml file: config\config.yaml loaded successfully]
[2024-07-11 19:23:55,953: INFO: common: yaml file: params.yaml loaded successfully]
[2024-07-11 19:23:55,953: INFO: common: created directory at: artifacts]
[2024-07-11 19:23:55,953: INFO: common: created directory at: artifacts/prepare_base_model]
[2024-07-11 19:23:56,348: WARNING: saving_utils: Compiled the loaded model, but the compiled metrics have yet to be built. `model.compile_metrics` will be empty until you train or evaluate the model.]
[2024-07-11 19:23:56,621: INFO: main: >>>>>> stage Prepare base model completed <<<<<<

x==========x]
[2024-07-11 19:23:56,622: INFO: main: *******************]
[2024-07-11 19:23:56,622: INFO: main: >>>>>> stage Training started <<<<<<]
[2024-07-11 19:23:56,626: INFO: common: yaml file: config\config.yaml loaded successfully]
[2024-07-11 19:23:56,628: INFO: common: yaml file: params.yaml loaded successfully]
[2024-07-11 19:23:56,629: INFO: common: created directory at: artifacts]
[2024-07-11 19:23:56,629: INFO: common: created directory at: artifacts\training]
[2024-07-11 19:25:54,845: INFO: main: >>>>>> stage Training completed <<<<<<

x==========x]
